Build started 07/05/2015 14:20:27.
     1>Project "C:\Users\U96345\Desktop\RT Framework\RT Framework\RTVS2005.vcxproj" on node 2 (Build target(s)).
     1>ClCompile:
         C:\Program Files (x86)\Microsoft Visual Studio 11.0\VC\bin\CL.exe /c /ZI /nologo /W3 /WX- /Od /Oy- /D WIN32 /D _DEBUG /D _CONSOLE /D _CRT_SECURE_NO_DEPRECATE /D _VC80_UPGRADE=0x0600 /D _MBCS /Gm /EHsc /RTC1 /MTd /GS /fp:precise /Zc:wchar_t /Zc:forScope /Fo".\Debug/" /Fd".\Debug/vc110.pdb" /Gd /TP /analyze- /errorReport:prompt raytracer.cpp
         raytracer.cpp
       Link:
         C:\Program Files (x86)\Microsoft Visual Studio 11.0\VC\bin\link.exe /ERRORREPORT:PROMPT /OUT:".\Debug/RT.exe" /INCREMENTAL /NOLOGO kernel32.lib user32.lib gdi32.lib winspool.lib comdlg32.lib advapi32.lib shell32.lib ole32.lib oleaut32.lib uuid.lib odbc32.lib odbccp32.lib /MANIFEST /MANIFESTUAC:"level='asInvoker' uiAccess='false'" /manifest:embed /DEBUG /PDB:".\Debug/RT.pdb" /SUBSYSTEM:CONSOLE /TLBID:1 /DYNAMICBASE /NXCOMPAT /IMPLIB:".\Debug\RT.lib" /MACHINE:X86 /SAFESEH .\Debug/camera.obj
         .\Debug/image.obj
         .\Debug/io.obj
         .\Debug/line.obj
         .\Debug/main.obj
         .\Debug/material.obj
         .\Debug/plane.obj
         .\Debug/raytracer.obj
         .\Debug/rtobject.obj
         .\Debug/sphere.obj
         RTVS2005.vcxproj -> C:\Users\U96345\Desktop\RT Framework\RT Framework\.\Debug\RT.exe
     1>Done Building Project "C:\Users\U96345\Desktop\RT Framework\RT Framework\RTVS2005.vcxproj" (Build target(s)).

Build succeeded.

Time Elapsed 00:00:00.72
